d:\documents\school\csc330\repo\branches\1.1\project1\source\hospital administration system\hospital administration system\debug\vc141.pdb
d:\documents\school\csc330\repo\branches\1.1\project1\source\hospital administration system\hospital administration system\debug\splashscreen.obj
d:\documents\school\csc330\repo\branches\1.1\project1\source\hospital administration system\hospital administration system\debug\room.obj
d:\documents\school\csc330\repo\branches\1.1\project1\source\hospital administration system\hospital administration system\debug\person.obj
d:\documents\school\csc330\repo\branches\1.1\project1\source\hospital administration system\hospital administration system\debug\patient.obj
d:\documents\school\csc330\repo\branches\1.1\project1\source\hospital administration system\hospital administration system\debug\medicalemployee.obj
d:\documents\school\csc330\repo\branches\1.1\project1\source\hospital administration system\hospital administration system\debug\main.obj
d:\documents\school\csc330\repo\branches\1.1\project1\source\hospital administration system\hospital administration system\debug\formmain.obj
d:\documents\school\csc330\repo\branches\1.1\project1\source\hospital administration system\hospital administration system\debug\employee.obj
d:\documents\school\csc330\repo\branches\1.1\project1\source\hospital administration system\hospital administration system\debug\databasemanager.obj
d:\documents\school\csc330\repo\branches\1.1\project1\source\hospital administration system\hospital administration system\debug\.netframework,version=v4.7.assemblyattributes.obj
d:\documents\school\csc330\repo\branches\1.1\project1\source\hospital administration system\hospital administration system\debug\.netframework,version=v4.7.assemblyattributes.asm
d:\documents\school\csc330\repo\branches\1.1\project1\source\hospital administration system\hospital administration system\debug\contactinformation.obj
d:\documents\school\csc330\repo\branches\1.1\project1\source\hospital administration system\hospital administration system\debug\globals.obj
d:\documents\school\csc330\repo\branches\1.1\project1\source\hospital administration system\hospital administration system\debug\item.obj
d:\documents\school\csc330\repo\branches\1.1\project1\source\hospital administration system\debug\system.data.sqlite.dll
d:\documents\school\csc330\repo\branches\1.1\project1\source\hospital administration system\hospital administration system\debug\hospitaladministrationsystem.formmain.resources
d:\documents\school\csc330\repo\branches\1.1\project1\source\hospital administration system\hospital administration system\debug\hospitaladministrationsystem.splashscreen.resources
d:\documents\school\csc330\repo\branches\1.1\project1\source\hospital administration system\debug\hospital administration system.exe
d:\documents\school\csc330\repo\branches\1.1\project1\source\hospital administration system\debug\hospital administration system.pdb
d:\documents\school\csc330\repo\branches\1.1\project1\source\hospital administration system\hospital administration system\debug\hospital.4098c374.tlog\metagen.write.1.tlog
d:\documents\school\csc330\repo\branches\1.1\project1\source\hospital administration system\hospital administration system\debug\hospital administration system.res
d:\documents\school\csc330\repo\branches\1.1\project1\source\hospital administration system\hospital administration system\debug\hospital administration system.vcxproj.generateresource.cache
d:\documents\school\csc330\repo\branches\1.1\project1\source\hospital administration system\hospital administration system\debug\hospital administration system.vcxprojassemblyreference.cache
d:\documents\school\csc330\repo\branches\1.1\project1\source\hospital administration system\hospital administration system\debug\hospital.4098c374.tlog\cl.command.1.tlog
d:\documents\school\csc330\repo\branches\1.1\project1\source\hospital administration system\hospital administration system\debug\hospital.4098c374.tlog\cl.read.1.tlog
d:\documents\school\csc330\repo\branches\1.1\project1\source\hospital administration system\hospital administration system\debug\hospital.4098c374.tlog\cl.write.1.tlog
d:\documents\school\csc330\repo\branches\1.1\project1\source\hospital administration system\hospital administration system\debug\hospital.4098c374.tlog\hospital administration system.write.1u.tlog
d:\documents\school\csc330\repo\branches\1.1\project1\source\hospital administration system\hospital administration system\debug\hospital.4098c374.tlog\link.command.1.tlog
d:\documents\school\csc330\repo\branches\1.1\project1\source\hospital administration system\hospital administration system\debug\hospital.4098c374.tlog\link.read.1.tlog
d:\documents\school\csc330\repo\branches\1.1\project1\source\hospital administration system\hospital administration system\debug\hospital.4098c374.tlog\link.write.1.tlog
d:\documents\school\csc330\repo\branches\1.1\project1\source\hospital administration system\hospital administration system\debug\hospital.4098c374.tlog\metagen.read.1.tlog
d:\documents\school\csc330\repo\branches\1.1\project1\source\hospital administration system\hospital administration system\debug\hospital.4098c374.tlog\rc.command.1.tlog
d:\documents\school\csc330\repo\branches\1.1\project1\source\hospital administration system\hospital administration system\debug\hospital.4098c374.tlog\rc.read.1.tlog
d:\documents\school\csc330\repo\branches\1.1\project1\source\hospital administration system\hospital administration system\debug\hospital.4098c374.tlog\rc.write.1.tlog
d:\documents\school\csc330\repo\branches\1.1\project1\source\hospital administration system\hospital administration system\debug\hospital.4098c374.tlog\system.data.sqlite.dll.metagen
